build/outputs/logs/manifest-merger-debug-report.txt
-- Merging decision tree log ---
manifest
ADDED from trunk\mobile\AndroidManifest.xml:2:1-72:12
INJECTED from trunk\mobile\AndroidManifest.xml:2:1-72:12
INJECTED from trunk\mobile\AndroidManifest.xml:2:1-72:12
INJECTED from trunk\mobile\AndroidManifest.xml:2:1-72:12
INJECTED from trunk\mobile\AndroidManifest.xml:2:1-72:12
	package
		ADDED from trunk\mobile\AndroidManifest.xml:3:7-34
	android:versionName
		ADDED from trunk\mobile\AndroidManifest.xml:5:7-32
		INJECTED from trunk\mobile\AndroidManifest.xml
		INJECTED from trunk\mobile\AndroidManifest.xml
	xmlns:android
		ADDED from trunk\mobile\AndroidManifest.xml:2:11-69
	android:versionCode
		ADDED from trunk\mobile\AndroidManifest.xml:4:7-31
		INJECTED from trunk\mobile\AndroidManifest.xml
		INJECTED from trunk\mobile\AndroidManifest.xml
uses-sdk
ADDED from trunk\mobile\AndroidManifest.xml:7:9-9:41
	android:targetSdkVersion
		ADDED from trunk\mobile\AndroidManifest.xml:9:9-38
	android:minSdkVersion
		ADDED from trunk\mobile\AndroidManifest.xml:8:9-35
uses-permission#android.permission.INTERNET
ADDED from trunk\mobile\AndroidManifest.xml:10:5-66
	android:name
		ADDED from trunk\mobile\AndroidManifest.xml:10:22-64
uses-permission#android.permission.WRITE_EXTERNAL_STORAGE
ADDED from trunk\mobile\AndroidManifest.xml:11:5-81
	android:name
		ADDED from trunk\mobile\AndroidManifest.xml:11:22-78
uses-permission#android.permission.BLUETOOTH_ADMIN
ADDED from trunk\mobile\AndroidManifest.xml:12:5-74
	android:name
		ADDED from trunk\mobile\AndroidManifest.xml:12:22-71
uses-permission#android.permission.BLUETOOTH
ADDED from trunk\mobile\AndroidManifest.xml:13:5-68
	android:name
		ADDED from trunk\mobile\AndroidManifest.xml:13:22-65
uses-permission#android.permission.ACCESS_FINE_LOCATION
ADDED from trunk\mobile\AndroidManifest.xml:14:5-79
	android:name
		ADDED from trunk\mobile\AndroidManifest.xml:14:22-76
uses-permission#android.permission.ACCESS_COARSE_LOCATION
ADDED from trunk\mobile\AndroidManifest.xml:15:5-81
	android:name
		ADDED from trunk\mobile\AndroidManifest.xml:15:22-78
uses-permission#android.permission.ACCESS_NETWORK_STATE
ADDED from trunk\mobile\AndroidManifest.xml:16:5-79
	android:name
		ADDED from trunk\mobile\AndroidManifest.xml:16:22-76
application
ADDED from trunk\mobile\AndroidManifest.xml:20:5-71:19
	android:label
		ADDED from trunk\mobile\AndroidManifest.xml:21:18-50
	android:icon
		ADDED from trunk\mobile\AndroidManifest.xml:23:18-54
	android:theme
		ADDED from trunk\mobile\AndroidManifest.xml:22:18-49
	android:name
		ADDED from trunk\mobile\AndroidManifest.xml:20:18-49
activity#com.evanhoe.tango.LoginActivity
ADDED from trunk\mobile\AndroidManifest.xml:24:9-36:20
	android:screenOrientation
		ADDED from trunk\mobile\AndroidManifest.xml:27:19-55
	android:label
		ADDED from trunk\mobile\AndroidManifest.xml:25:19-51
	android:windowSoftInputMode
		ADDED from trunk\mobile\AndroidManifest.xml:29:13-68
	android:configChanges
		ADDED from trunk\mobile\AndroidManifest.xml:28:13-63
	android:theme
		ADDED from trunk\mobile\AndroidManifest.xml:26:19-55
	android:name
		ADDED from trunk\mobile\AndroidManifest.xml:24:19-47
intent-filter#android.intent.action.MAIN+android.intent.category.LAUNCHER
ADDED from trunk\mobile\AndroidManifest.xml:32:13-35:29
action#android.intent.action.MAIN
ADDED from trunk\mobile\AndroidManifest.xml:33:17-69
	android:name
		ADDED from trunk\mobile\AndroidManifest.xml:33:25-66
category#android.intent.category.LAUNCHER
ADDED from trunk\mobile\AndroidManifest.xml:34:17-77
	android:name
		ADDED from trunk\mobile\AndroidManifest.xml:34:27-74
activity#com.evanhoe.tango.WorkOrderListActivity
ADDED from trunk\mobile\AndroidManifest.xml:37:9-42:20
	android:screenOrientation
		ADDED from trunk\mobile\AndroidManifest.xml:38:16-52
	android:label
		ADDED from trunk\mobile\AndroidManifest.xml:40:10-49
	android:configChanges
		ADDED from trunk\mobile\AndroidManifest.xml:39:10-60
	android:name
		ADDED from trunk\mobile\AndroidManifest.xml:37:19-55
activity#com.evanhoe.tango.WorkOrderDetailActivity
ADDED from trunk\mobile\AndroidManifest.xml:43:9-48:20
	android:screenOrientation
		ADDED from trunk\mobile\AndroidManifest.xml:46:13-49
	android:parentActivityName
		ADDED from trunk\mobile\AndroidManifest.xml:45:13-64
	android:label
		ADDED from trunk\mobile\AndroidManifest.xml:44:13-47
	android:configChanges
		ADDED from trunk\mobile\AndroidManifest.xml:47:7-57
	android:name
		ADDED from trunk\mobile\AndroidManifest.xml:43:19-57
activity#com.evanhoe.tango.WorkOrderSendActivity
ADDED from trunk\mobile\AndroidManifest.xml:49:9-54:20
	android:screenOrientation
		ADDED from trunk\mobile\AndroidManifest.xml:50:16-52
	android:noHistory
		ADDED from trunk\mobile\AndroidManifest.xml:53:10-34
	android:configChanges
		ADDED from trunk\mobile\AndroidManifest.xml:51:10-60
	android:theme
		ADDED from trunk\mobile\AndroidManifest.xml:52:10-49
	android:name
		ADDED from trunk\mobile\AndroidManifest.xml:49:19-55
activity#com.evanhoe.tango.SettingsActivity
ADDED from trunk\mobile\AndroidManifest.xml:55:9-59:20
	android:screenOrientation
		ADDED from trunk\mobile\AndroidManifest.xml:57:13-49
	android:label
		ADDED from trunk\mobile\AndroidManifest.xml:58:13-45
	android:name
		ADDED from trunk\mobile\AndroidManifest.xml:56:13-45
activity#com.evanhoe.tango.DisclaimerActivity
ADDED from trunk\mobile\AndroidManifest.xml:60:9-64:20
	android:screenOrientation
		ADDED from trunk\mobile\AndroidManifest.xml:62:13-49
	android:label
		ADDED from trunk\mobile\AndroidManifest.xml:61:13-56
	android:configChanges
		ADDED from trunk\mobile\AndroidManifest.xml:63:7-57
	android:name
		ADDED from trunk\mobile\AndroidManifest.xml:60:19-52
activity#com.evanhoe.tango.SupportActivity
ADDED from trunk\mobile\AndroidManifest.xml:65:17-69:20
	android:screenOrientation
		ADDED from trunk\mobile\AndroidManifest.xml:67:13-49
	android:label
		ADDED from trunk\mobile\AndroidManifest.xml:66:13-53
	android:configChanges
		ADDED from trunk\mobile\AndroidManifest.xml:68:7-57
	android:name
		ADDED from trunk\mobile\AndroidManifest.xml:65:27-57
activity#net.hockeyapp.android.UpdateActivity
ADDED from trunk\mobile\AndroidManifest.xml:70:9-73
	android:name
		ADDED from trunk\mobile\AndroidManifest.xml:70:19-70